Using pre-set license
Built from '2020.3/staging' branch; Version is '2020.3.5f1 (8095aa901b9b) revision 8426922'; Using compiler version '192528614'; Build Type 'Release'
OS: 'Windows 10 Pro; OS build 19042.985; Version 2009; 64bit' Language: 'es' Physical Memory: 8067 MB
BatchMode: 1, IsHumanControllingUs: 0, StartBugReporterOnCrash: 0, Is64bit: 1, IsPro: 0

 COMMAND LINE ARGUMENTS:
C:\Program Files\Unity\Hub\Editor\2020.3.5f1\Editor\Unity.exe
-adb2
-batchMode
-noUpm
-name
AssetImportWorker0
-projectPath
C:/Users/htvm_/Desktop/Curso2021-10/Devj/proyecto/New Unity Project
-logFile
Logs/AssetImportWorker0.log
-srvPort
61948
Successfully changed project path to: C:/Users/htvm_/Desktop/Curso2021-10/Devj/proyecto/New Unity Project
C:/Users/htvm_/Desktop/Curso2021-10/Devj/proyecto/New Unity Project
Using Asset Import Pipeline V2.
Refreshing native plugins compatible for Editor in 24.60 ms, found 0 plugins.
Preloading 0 native plugins for Editor in 0.00 ms.
Initialize engine version: 2020.3.5f1 (8095aa901b9b)
[Subsystems] Discovering subsystems at path C:/Program Files/Unity/Hub/Editor/2020.3.5f1/Editor/Data/Resources/UnitySubsystems
[Subsystems] Discovering subsystems at path C:/Users/htvm_/Desktop/Curso2021-10/Devj/proyecto/New Unity Project/Assets
GfxDevice: creating device client; threaded=0
Direct3D:
    Version:  Direct3D 11.0 [level 11.1]
    Renderer: NVIDIA GeForce MX150 (ID=0x1d10)
    Vendor:   
    VRAM:     1983 MB
    Driver:   27.21.14.6627
Initialize mono
Mono path[0] = 'C:/Program Files/Unity/Hub/Editor/2020.3.5f1/Editor/Data/Managed'
Mono path[1] = 'C:/Program Files/Unity/Hub/Editor/2020.3.5f1/Editor/Data/MonoBleedingEdge/lib/mono/unityjit'
Mono config path = 'C:/Program Files/Unity/Hub/Editor/2020.3.5f1/Editor/Data/MonoBleedingEdge/etc'
Using monoOptions --debugger-agent=transport=dt_socket,embedding=1,server=y,suspend=n,address=127.0.0.1:56352
Begin MonoManager ReloadAssembly
Registering precompiled unity dll's ...
Register platform support module: C:/Program Files/Unity/Hub/Editor/2020.3.5f1/Editor/Data/PlaybackEngines/WebGLSupport/UnityEditor.WebGL.Extensions.dll
Register platform support module: C:/Program Files/Unity/Hub/Editor/2020.3.5f1/Editor/Data/PlaybackEngines/WindowsStandaloneSupport/UnityEditor.WindowsStandalone.Extensions.dll
Registered in 0.003159 seconds.
Native extension for WindowsStandalone target not found
Native extension for WebGL target not found
Refreshing native plugins compatible for Editor in 24.66 ms, found 0 plugins.
Preloading 0 native plugins for Editor in 0.00 ms.
Mono: successfully reloaded assembly
- Completed reload, in  1.347 seconds
Platform modules already initialized, skipping
Registering precompiled user dll's ...
Registered in 0.000735 seconds.
Begin MonoManager ReloadAssembly
Native extension for WindowsStandalone target not found
Native extension for WebGL target not found
Refreshing native plugins compatible for Editor in 0.20 ms, found 0 plugins.
Preloading 0 native plugins for Editor in 0.00 ms.
Mono: successfully reloaded assembly
- Completed reload, in  0.903 seconds
Platform modules already initialized, skipping
========================================================================
Worker process is ready to serve import requests
Launched and connected shader compiler UnityShaderCompiler.exe after 0.06 seconds
Refreshing native plugins compatible for Editor in 0.19 ms, found 0 plugins.
Preloading 0 native plugins for Editor in 0.00 ms.
Unloading 1115 Unused Serialized files (Serialized files now loaded: 0)
System memory in use before: 57.1 MB.
System memory in use after: 57.2 MB.

Unloading 10 unused Assets to reduce memory usage. Loaded Objects now: 1557.
Total: 2.430400 ms (FindLiveObjects: 0.236600 ms CreateObjectMapping: 0.085600 ms MarkObjects: 1.979900 ms  DeleteObjects: 0.127100 ms)

========================================================================
Received Import Request.
  path: Assets
  artifactKey: Guid(00000000000000001000000000000000) Importer(815301076,1909f56bfc062723c751e8b465ee728b)
Start importing Assets using Guid(00000000000000001000000000000000) Importer(815301076,1909f56bfc062723c751e8b465ee728b)  -> (artifact id: 'e4856052512617ee48189cf1d7999900') in 0.009755 seconds
  Import took 0.040036 seconds .

========================================================================
Received Import Request.
  Time since last request: 4.232538 seconds.
  path: Assets/Scrip
  artifactKey: Guid(5f1ae0355c005fe4ba38e92ec85802b1) Importer(815301076,1909f56bfc062723c751e8b465ee728b)
Start importing Assets/Scrip using Guid(5f1ae0355c005fe4ba38e92ec85802b1) Importer(815301076,1909f56bfc062723c751e8b465ee728b)  -> (artifact id: 'a36e40e9e2b26ea17d4352b17a92bb07') in 0.008913 seconds
  Import took 0.011634 seconds .

========================================================================
Received Import Request.
  Time since last request: 5.324470 seconds.
  path: Assets/Script
  artifactKey: Guid(5f1ae0355c005fe4ba38e92ec85802b1) Importer(815301076,1909f56bfc062723c751e8b465ee728b)
Start importing Assets/Script using Guid(5f1ae0355c005fe4ba38e92ec85802b1) Importer(815301076,1909f56bfc062723c751e8b465ee728b)  -> (artifact id: '2b91c8f78a3d863726ddb85382e25d95') in 0.009305 seconds
  Import took 0.011757 seconds .

========================================================================
Received Import Request.
  Time since last request: 7.838892 seconds.
  path: Assets/Script/NewBehaviourScript.cs
  artifactKey: Guid(00ded14facef03842860c984ca142d81) Importer(815301076,1909f56bfc062723c751e8b465ee728b)
Start importing Assets/Script/NewBehaviourScript.cs using Guid(00ded14facef03842860c984ca142d81) Importer(815301076,1909f56bfc062723c751e8b465ee728b)  -> (artifact id: '9ce157b566930432e625ff1898d5d21b') in 0.077883 seconds
  Import took 0.091226 seconds .

========================================================================
Received Prepare
Registering precompiled user dll's ...
Registered in 0.001001 seconds.
Begin MonoManager ReloadAssembly
Native extension for WindowsStandalone target not found
Native extension for WebGL target not found
Refreshing native plugins compatible for Editor in 0.26 ms, found 0 plugins.
Preloading 0 native plugins for Editor in 0.00 ms.
Mono: successfully reloaded assembly
- Completed reload, in  1.002 seconds
Platform modules already initialized, skipping
Refreshing native plugins compatible for Editor in 0.23 ms, found 0 plugins.
Preloading 0 native plugins for Editor in 0.00 ms.
Unloading 1111 Unused Serialized files (Serialized files now loaded: 0)
System memory in use before: 57.1 MB.
System memory in use after: 57.2 MB.

Unloading 5 unused Assets to reduce memory usage. Loaded Objects now: 1561.
Total: 2.061300 ms (FindLiveObjects: 0.175400 ms CreateObjectMapping: 0.076700 ms MarkObjects: 1.719500 ms  DeleteObjects: 0.088600 ms)

========================================================================
Received Import Request.
  Time since last request: 16.399875 seconds.
  path: Assets/Script/RelojAnimador.cs
  artifactKey: Guid(00ded14facef03842860c984ca142d81) Importer(815301076,1909f56bfc062723c751e8b465ee728b)
Start importing Assets/Script/RelojAnimador.cs using Guid(00ded14facef03842860c984ca142d81) Importer(815301076,1909f56bfc062723c751e8b465ee728b)  -> (artifact id: '5cff73a54e5cd51ea06973e23d0eff97') in 0.009704 seconds
  Import took 0.077524 seconds .

========================================================================
Received Prepare
Registering precompiled user dll's ...
Registered in 0.000669 seconds.
Begin MonoManager ReloadAssembly
Native extension for WindowsStandalone target not found
Native extension for WebGL target not found
Refreshing native plugins compatible for Editor in 0.37 ms, found 0 plugins.
Preloading 0 native plugins for Editor in 0.00 ms.
Mono: successfully reloaded assembly
- Completed reload, in  1.465 seconds
Platform modules already initialized, skipping
Refreshing native plugins compatible for Editor in 0.32 ms, found 0 plugins.
Preloading 0 native plugins for Editor in 0.00 ms.
Unloading 1111 Unused Serialized files (Serialized files now loaded: 0)
System memory in use before: 57.1 MB.
System memory in use after: 57.2 MB.

Unloading 5 unused Assets to reduce memory usage. Loaded Objects now: 1564.
Total: 3.089100 ms (FindLiveObjects: 0.214400 ms CreateObjectMapping: 0.059600 ms MarkObjects: 2.712700 ms  DeleteObjects: 0.100800 ms)

========================================================================
Received Prepare
Registering precompiled user dll's ...
Registered in 0.001059 seconds.
Begin MonoManager ReloadAssembly
Native extension for WindowsStandalone target not found
Native extension for WebGL target not found
Refreshing native plugins compatible for Editor in 0.42 ms, found 0 plugins.
Preloading 0 native plugins for Editor in 0.00 ms.
Mono: successfully reloaded assembly
- Completed reload, in  0.948 seconds
Platform modules already initialized, skipping
Refreshing native plugins compatible for Editor in 0.32 ms, found 0 plugins.
Preloading 0 native plugins for Editor in 0.00 ms.
Unloading 1111 Unused Serialized files (Serialized files now loaded: 0)
System memory in use before: 57.1 MB.
System memory in use after: 57.2 MB.

Unloading 5 unused Assets to reduce memory usage. Loaded Objects now: 1567.
Total: 2.465200 ms (FindLiveObjects: 0.259100 ms CreateObjectMapping: 0.151800 ms MarkObjects: 1.997400 ms  DeleteObjects: 0.055100 ms)

========================================================================
Received Prepare
Registering precompiled user dll's ...
Registered in 0.000731 seconds.
Begin MonoManager ReloadAssembly
Native extension for WindowsStandalone target not found
Native extension for WebGL target not found
Refreshing native plugins compatible for Editor in 0.19 ms, found 0 plugins.
Preloading 0 native plugins for Editor in 0.00 ms.
Mono: successfully reloaded assembly
- Completed reload, in  0.991 seconds
Platform modules already initialized, skipping
Refreshing native plugins compatible for Editor in 0.23 ms, found 0 plugins.
Preloading 0 native plugins for Editor in 0.00 ms.
Unloading 1111 Unused Serialized files (Serialized files now loaded: 0)
System memory in use before: 57.1 MB.
System memory in use after: 57.2 MB.

Unloading 5 unused Assets to reduce memory usage. Loaded Objects now: 1570.
Total: 2.920200 ms (FindLiveObjects: 0.261000 ms CreateObjectMapping: 0.098500 ms MarkObjects: 2.507200 ms  DeleteObjects: 0.051500 ms)

========================================================================
Received Import Request.
  Time since last request: 800.625324 seconds.
  path: Assets/Script/RelojAnimador.cs
  artifactKey: Guid(00ded14facef03842860c984ca142d81) Importer(815301076,1909f56bfc062723c751e8b465ee728b)
Start importing Assets/Script/RelojAnimador.cs using Guid(00ded14facef03842860c984ca142d81) Importer(815301076,1909f56bfc062723c751e8b465ee728b)  -> (artifact id: '7c72e6c61633173426b5ee0c6cd77762') in 0.009066 seconds
  Import took 0.041389 seconds .

========================================================================
Received Import Request.
  Time since last request: 0.002795 seconds.
  path: Assets/Script/RelojAnimador.cs
  artifactKey: Guid(00ded14facef03842860c984ca142d81) Importer(815301076,1909f56bfc062723c751e8b465ee728b)
Start importing Assets/Script/RelojAnimador.cs using Guid(00ded14facef03842860c984ca142d81) Importer(815301076,1909f56bfc062723c751e8b465ee728b)  -> (artifact id: '7c72e6c61633173426b5ee0c6cd77762') in 0.003434 seconds
  Import took 0.006556 seconds .

========================================================================
Received Import Request.
  Time since last request: 97.990578 seconds.
  path: Assets/Script/RelojAnimador.cs
  artifactKey: Guid(00ded14facef03842860c984ca142d81) Importer(815301076,1909f56bfc062723c751e8b465ee728b)
Start importing Assets/Script/RelojAnimador.cs using Guid(00ded14facef03842860c984ca142d81) Importer(815301076,1909f56bfc062723c751e8b465ee728b)  -> (artifact id: 'd6f1cf9708b352af527dc6c13cbe6462') in 0.003864 seconds
  Import took 0.036838 seconds .

========================================================================
Received Prepare
Registering precompiled user dll's ...
Registered in 0.000689 seconds.
Begin MonoManager ReloadAssembly
Native extension for WindowsStandalone target not found
Native extension for WebGL target not found
Refreshing native plugins compatible for Editor in 0.29 ms, found 0 plugins.
Preloading 0 native plugins for Editor in 0.00 ms.
Mono: successfully reloaded assembly
- Completed reload, in  0.777 seconds
Platform modules already initialized, skipping
Refreshing native plugins compatible for Editor in 0.24 ms, found 0 plugins.
Preloading 0 native plugins for Editor in 0.00 ms.
Unloading 1111 Unused Serialized files (Serialized files now loaded: 0)
System memory in use before: 57.1 MB.
System memory in use after: 57.2 MB.

Unloading 5 unused Assets to reduce memory usage. Loaded Objects now: 1573.
Total: 1.770000 ms (FindLiveObjects: 0.166900 ms CreateObjectMapping: 0.046200 ms MarkObjects: 1.483500 ms  DeleteObjects: 0.070800 ms)

========================================================================
Received Prepare
Registering precompiled user dll's ...
Registered in 0.000991 seconds.
Begin MonoManager ReloadAssembly
Native extension for WindowsStandalone target not found
Native extension for WebGL target not found
Refreshing native plugins compatible for Editor in 0.30 ms, found 0 plugins.
Preloading 0 native plugins for Editor in 0.00 ms.
Mono: successfully reloaded assembly
- Completed reload, in  1.574 seconds
Platform modules already initialized, skipping
Refreshing native plugins compatible for Editor in 0.22 ms, found 0 plugins.
Preloading 0 native plugins for Editor in 0.00 ms.
Unloading 1111 Unused Serialized files (Serialized files now loaded: 0)
System memory in use before: 57.1 MB.
System memory in use after: 57.2 MB.

Unloading 5 unused Assets to reduce memory usage. Loaded Objects now: 1576.
Total: 2.041500 ms (FindLiveObjects: 0.144200 ms CreateObjectMapping: 0.047100 ms MarkObjects: 1.793100 ms  DeleteObjects: 0.055400 ms)

========================================================================
Received Prepare
Registering precompiled user dll's ...
Registered in 0.000717 seconds.
Begin MonoManager ReloadAssembly
Native extension for WindowsStandalone target not found
Native extension for WebGL target not found
Refreshing native plugins compatible for Editor in 0.21 ms, found 0 plugins.
Preloading 0 native plugins for Editor in 0.00 ms.
Mono: successfully reloaded assembly
- Completed reload, in  0.756 seconds
Platform modules already initialized, skipping
Refreshing native plugins compatible for Editor in 0.26 ms, found 0 plugins.
Preloading 0 native plugins for Editor in 0.00 ms.
Unloading 1111 Unused Serialized files (Serialized files now loaded: 0)
System memory in use before: 57.2 MB.
System memory in use after: 57.2 MB.

Unloading 5 unused Assets to reduce memory usage. Loaded Objects now: 1579.
Total: 1.543800 ms (FindLiveObjects: 0.144100 ms CreateObjectMapping: 0.028100 ms MarkObjects: 1.300400 ms  DeleteObjects: 0.070200 ms)

========================================================================
Received Prepare
Registering precompiled user dll's ...
Registered in 0.000763 seconds.
Begin MonoManager ReloadAssembly
Native extension for WindowsStandalone target not found
Native extension for WebGL target not found
Refreshing native plugins compatible for Editor in 0.21 ms, found 0 plugins.
Preloading 0 native plugins for Editor in 0.00 ms.
Mono: successfully reloaded assembly
- Completed reload, in  0.947 seconds
Platform modules already initialized, skipping
Refreshing native plugins compatible for Editor in 0.35 ms, found 0 plugins.
Preloading 0 native plugins for Editor in 0.00 ms.
Unloading 1111 Unused Serialized files (Serialized files now loaded: 0)
System memory in use before: 57.2 MB.
System memory in use after: 57.2 MB.

Unloading 5 unused Assets to reduce memory usage. Loaded Objects now: 1582.
Total: 3.135700 ms (FindLiveObjects: 0.398600 ms CreateObjectMapping: 0.115700 ms MarkObjects: 2.489700 ms  DeleteObjects: 0.128700 ms)

========================================================================
Received Prepare
Registering precompiled user dll's ...
Registered in 0.001091 seconds.
Begin MonoManager ReloadAssembly
Native extension for WindowsStandalone target not found
Native extension for WebGL target not found
Refreshing native plugins compatible for Editor in 0.40 ms, found 0 plugins.
Preloading 0 native plugins for Editor in 0.00 ms.
Mono: successfully reloaded assembly
- Completed reload, in  1.544 seconds
Platform modules already initialized, skipping
Refreshing native plugins compatible for Editor in 0.24 ms, found 0 plugins.
Preloading 0 native plugins for Editor in 0.00 ms.
Unloading 1111 Unused Serialized files (Serialized files now loaded: 0)
System memory in use before: 57.2 MB.
System memory in use after: 57.2 MB.

Unloading 5 unused Assets to reduce memory usage. Loaded Objects now: 1585.
Total: 2.396400 ms (FindLiveObjects: 0.245900 ms CreateObjectMapping: 0.079500 ms MarkObjects: 2.007100 ms  DeleteObjects: 0.061800 ms)

========================================================================
Received Prepare
Registering precompiled user dll's ...
Registered in 0.001619 seconds.
Begin MonoManager ReloadAssembly
Native extension for WindowsStandalone target not found
Native extension for WebGL target not found
Refreshing native plugins compatible for Editor in 0.33 ms, found 0 plugins.
Preloading 0 native plugins for Editor in 0.00 ms.
Mono: successfully reloaded assembly
- Completed reload, in  2.366 seconds
Platform modules already initialized, skipping
Refreshing native plugins compatible for Editor in 0.54 ms, found 0 plugins.
Preloading 0 native plugins for Editor in 0.00 ms.
Unloading 1111 Unused Serialized files (Serialized files now loaded: 0)
System memory in use before: 57.2 MB.
System memory in use after: 57.2 MB.

Unloading 5 unused Assets to reduce memory usage. Loaded Objects now: 1588.
Total: 3.680300 ms (FindLiveObjects: 0.442700 ms CreateObjectMapping: 0.138000 ms MarkObjects: 2.989500 ms  DeleteObjects: 0.104200 ms)

========================================================================
Received Prepare
Registering precompiled user dll's ...
Registered in 0.001850 seconds.
Begin MonoManager ReloadAssembly
Native extension for WindowsStandalone target not found
Native extension for WebGL target not found
Refreshing native plugins compatible for Editor in 0.54 ms, found 0 plugins.
Preloading 0 native plugins for Editor in 0.00 ms.
Mono: successfully reloaded assembly
- Completed reload, in  1.672 seconds
Platform modules already initialized, skipping
Refreshing native plugins compatible for Editor in 0.48 ms, found 0 plugins.
Preloading 0 native plugins for Editor in 0.00 ms.
Unloading 1111 Unused Serialized files (Serialized files now loaded: 0)
System memory in use before: 57.2 MB.
System memory in use after: 57.2 MB.

Unloading 5 unused Assets to reduce memory usage. Loaded Objects now: 1591.
Total: 2.274200 ms (FindLiveObjects: 0.203700 ms CreateObjectMapping: 0.054700 ms MarkObjects: 1.965000 ms  DeleteObjects: 0.049300 ms)

========================================================================
Received Prepare
Registering precompiled user dll's ...
Registered in 0.001453 seconds.
Begin MonoManager ReloadAssembly
Native extension for WindowsStandalone target not found
Native extension for WebGL target not found
Refreshing native plugins compatible for Editor in 0.32 ms, found 0 plugins.
Preloading 0 native plugins for Editor in 0.00 ms.
Mono: successfully reloaded assembly
- Completed reload, in  1.725 seconds
Platform modules already initialized, skipping
Refreshing native plugins compatible for Editor in 0.34 ms, found 0 plugins.
Preloading 0 native plugins for Editor in 0.00 ms.
Unloading 1111 Unused Serialized files (Serialized files now loaded: 0)
System memory in use before: 57.2 MB.
System memory in use after: 57.3 MB.

Unloading 5 unused Assets to reduce memory usage. Loaded Objects now: 1594.
Total: 2.933700 ms (FindLiveObjects: 0.244400 ms CreateObjectMapping: 0.080600 ms MarkObjects: 2.496700 ms  DeleteObjects: 0.108800 ms)

========================================================================
Received Prepare
Registering precompiled user dll's ...
Registered in 0.001379 seconds.
Begin MonoManager ReloadAssembly
Native extension for WindowsStandalone target not found
Native extension for WebGL target not found
Refreshing native plugins compatible for Editor in 0.19 ms, found 0 plugins.
Preloading 0 native plugins for Editor in 0.00 ms.
Mono: successfully reloaded assembly
- Completed reload, in  1.200 seconds
Platform modules already initialized, skipping
Refreshing native plugins compatible for Editor in 0.19 ms, found 0 plugins.
Preloading 0 native plugins for Editor in 0.00 ms.
Unloading 1111 Unused Serialized files (Serialized files now loaded: 0)
System memory in use before: 57.2 MB.
System memory in use after: 57.3 MB.

Unloading 5 unused Assets to reduce memory usage. Loaded Objects now: 1597.
Total: 2.771800 ms (FindLiveObjects: 0.227200 ms CreateObjectMapping: 0.090100 ms MarkObjects: 2.393500 ms  DeleteObjects: 0.059000 ms)

========================================================================
Received Prepare
Registering precompiled user dll's ...
Registered in 0.003151 seconds.
Begin MonoManager ReloadAssembly
Native extension for WindowsStandalone target not found
Native extension for WebGL target not found
Refreshing native plugins compatible for Editor in 0.19 ms, found 0 plugins.
Preloading 0 native plugins for Editor in 0.00 ms.
Mono: successfully reloaded assembly
- Completed reload, in  1.372 seconds
Platform modules already initialized, skipping
Refreshing native plugins compatible for Editor in 0.42 ms, found 0 plugins.
Preloading 0 native plugins for Editor in 0.00 ms.
Unloading 1111 Unused Serialized files (Serialized files now loaded: 0)
System memory in use before: 57.2 MB.
System memory in use after: 57.3 MB.

Unloading 5 unused Assets to reduce memory usage. Loaded Objects now: 1600.
Total: 2.276700 ms (FindLiveObjects: 0.165200 ms CreateObjectMapping: 0.040400 ms MarkObjects: 2.013800 ms  DeleteObjects: 0.054000 ms)

========================================================================
Received Prepare
Registering precompiled user dll's ...
Registered in 0.000674 seconds.
Begin MonoManager ReloadAssembly
Native extension for WindowsStandalone target not found
Native extension for WebGL target not found
Refreshing native plugins compatible for Editor in 0.30 ms, found 0 plugins.
Preloading 0 native plugins for Editor in 0.00 ms.
Mono: successfully reloaded assembly
- Completed reload, in  1.068 seconds
Platform modules already initialized, skipping
Refreshing native plugins compatible for Editor in 0.27 ms, found 0 plugins.
Preloading 0 native plugins for Editor in 0.00 ms.
Unloading 1111 Unused Serialized files (Serialized files now loaded: 0)
System memory in use before: 57.2 MB.
System memory in use after: 57.3 MB.

Unloading 5 unused Assets to reduce memory usage. Loaded Objects now: 1603.
Total: 2.558500 ms (FindLiveObjects: 0.193900 ms CreateObjectMapping: 0.062400 ms MarkObjects: 2.199200 ms  DeleteObjects: 0.101200 ms)

========================================================================
Received Prepare
Registering precompiled user dll's ...
Registered in 0.001548 seconds.
Begin MonoManager ReloadAssembly
Native extension for WindowsStandalone target not found
Native extension for WebGL target not found
Refreshing native plugins compatible for Editor in 0.26 ms, found 0 plugins.
Preloading 0 native plugins for Editor in 0.00 ms.
Mono: successfully reloaded assembly
- Completed reload, in  2.232 seconds
Platform modules already initialized, skipping
Refreshing native plugins compatible for Editor in 0.30 ms, found 0 plugins.
Preloading 0 native plugins for Editor in 0.00 ms.
Unloading 1111 Unused Serialized files (Serialized files now loaded: 0)
System memory in use before: 57.2 MB.
System memory in use after: 57.3 MB.

Unloading 5 unused Assets to reduce memory usage. Loaded Objects now: 1606.
Total: 2.503500 ms (FindLiveObjects: 0.298300 ms CreateObjectMapping: 0.071000 ms MarkObjects: 2.072700 ms  DeleteObjects: 0.059300 ms)

========================================================================
Received Import Request.
  Time since last request: 1062.765843 seconds.
  path: Assets/Material
  artifactKey: Guid(8e4b9371f06ce98409e43747f15efcfb) Importer(815301076,1909f56bfc062723c751e8b465ee728b)
Start importing Assets/Material using Guid(8e4b9371f06ce98409e43747f15efcfb) Importer(815301076,1909f56bfc062723c751e8b465ee728b)  -> (artifact id: '120a9cd7e1b315255b4526a907e81e45') in 0.015676 seconds
  Import took 0.041535 seconds .

========================================================================
Received Import Request.
  Time since last request: 14.270841 seconds.
  path: Assets/Material/Color dejol.mat
  artifactKey: Guid(357e1f9f7ebbb964585062a46a2f8c91) Importer(815301076,1909f56bfc062723c751e8b465ee728b)
Start importing Assets/Material/Color dejol.mat using Guid(357e1f9f7ebbb964585062a46a2f8c91) Importer(815301076,1909f56bfc062723c751e8b465ee728b)  -> (artifact id: '8ee01da9c3ecaf6e97af77ae160d04b2') in 0.209064 seconds
  Import took 0.253700 seconds .

========================================================================
Received Import Request.
  Time since last request: 27.731891 seconds.
  path: Assets/Material/borde.mat
  artifactKey: Guid(59db52a9dc168824c9ebb83eb1850731) Importer(815301076,1909f56bfc062723c751e8b465ee728b)
Start importing Assets/Material/borde.mat using Guid(59db52a9dc168824c9ebb83eb1850731) Importer(815301076,1909f56bfc062723c751e8b465ee728b)  -> (artifact id: 'e1c968533490397de706c461476d2783') in 0.020489 seconds
  Import took 0.023620 seconds .

========================================================================
Received Import Request.
  Time since last request: 12.085380 seconds.
  path: Assets/Material/flechas.mat
  artifactKey: Guid(99b4519842d77814c9d5ece5adc1eaa8) Importer(815301076,1909f56bfc062723c751e8b465ee728b)
Start importing Assets/Material/flechas.mat using Guid(99b4519842d77814c9d5ece5adc1eaa8) Importer(815301076,1909f56bfc062723c751e8b465ee728b)  -> (artifact id: '73cebbc7b4ea9c0997fc43cf3bda1e68') in 0.015638 seconds
  Import took 0.046289 seconds .

========================================================================
Received Prepare
Registering precompiled user dll's ...
Registered in 0.000948 seconds.
Begin MonoManager ReloadAssembly
Native extension for WindowsStandalone target not found
Native extension for WebGL target not found
Refreshing native plugins compatible for Editor in 0.36 ms, found 0 plugins.
Preloading 0 native plugins for Editor in 0.00 ms.
Mono: successfully reloaded assembly
- Completed reload, in  1.031 seconds
Platform modules already initialized, skipping
Refreshing native plugins compatible for Editor in 0.22 ms, found 0 plugins.
Preloading 0 native plugins for Editor in 0.00 ms.
Unloading 1111 Unused Serialized files (Serialized files now loaded: 0)
System memory in use before: 60.6 MB.
System memory in use after: 60.6 MB.

Unloading 5 unused Assets to reduce memory usage. Loaded Objects now: 1649.
Total: 1.929300 ms (FindLiveObjects: 0.189800 ms CreateObjectMapping: 0.047500 ms MarkObjects: 1.635100 ms  DeleteObjects: 0.054900 ms)

========================================================================
Received Prepare
Registering precompiled user dll's ...
Registered in 0.001242 seconds.
Begin MonoManager ReloadAssembly
Native extension for WindowsStandalone target not found
Native extension for WebGL target not found
Refreshing native plugins compatible for Editor in 0.28 ms, found 0 plugins.
Preloading 0 native plugins for Editor in 0.00 ms.
Mono: successfully reloaded assembly
- Completed reload, in  1.899 seconds
Platform modules already initialized, skipping
Refreshing native plugins compatible for Editor in 0.65 ms, found 0 plugins.
Preloading 0 native plugins for Editor in 0.00 ms.
Unloading 1111 Unused Serialized files (Serialized files now loaded: 0)
System memory in use before: 60.6 MB.
System memory in use after: 60.6 MB.

Unloading 5 unused Assets to reduce memory usage. Loaded Objects now: 1652.
Total: 2.725300 ms (FindLiveObjects: 0.185800 ms CreateObjectMapping: 0.058900 ms MarkObjects: 2.415700 ms  DeleteObjects: 0.062500 ms)

========================================================================
Received Prepare
Registering precompiled user dll's ...
Registered in 0.000748 seconds.
Begin MonoManager ReloadAssembly
Native extension for WindowsStandalone target not found
Native extension for WebGL target not found
Refreshing native plugins compatible for Editor in 0.31 ms, found 0 plugins.
Preloading 0 native plugins for Editor in 0.00 ms.
Mono: successfully reloaded assembly
- Completed reload, in  1.848 seconds
Platform modules already initialized, skipping
Refreshing native plugins compatible for Editor in 0.20 ms, found 0 plugins.
Preloading 0 native plugins for Editor in 0.00 ms.
Unloading 1111 Unused Serialized files (Serialized files now loaded: 0)
System memory in use before: 60.6 MB.
System memory in use after: 60.7 MB.

Unloading 5 unused Assets to reduce memory usage. Loaded Objects now: 1655.
Total: 2.374100 ms (FindLiveObjects: 0.150600 ms CreateObjectMapping: 0.040900 ms MarkObjects: 2.111500 ms  DeleteObjects: 0.068900 ms)

========================================================================
Received Import Request.
  Time since last request: 544.711279 seconds.
  path: Assets/Material/flechas.mat
  artifactKey: Guid(99b4519842d77814c9d5ece5adc1eaa8) Importer(815301076,1909f56bfc062723c751e8b465ee728b)
Start importing Assets/Material/flechas.mat using Guid(99b4519842d77814c9d5ece5adc1eaa8) Importer(815301076,1909f56bfc062723c751e8b465ee728b)  -> (artifact id: '731f3b7820ecb394eff3132db1ed4123') in 0.071844 seconds
  Import took 0.074598 seconds .

========================================================================
Received Import Request.
  Time since last request: 0.000293 seconds.
  path: Assets/Material/Color dejoj.mat
  artifactKey: Guid(357e1f9f7ebbb964585062a46a2f8c91) Importer(815301076,1909f56bfc062723c751e8b465ee728b)
Start importing Assets/Material/Color dejoj.mat using Guid(357e1f9f7ebbb964585062a46a2f8c91) Importer(815301076,1909f56bfc062723c751e8b465ee728b)  -> (artifact id: 'a370206bdf932a45bc03f0a0b7631d6a') in 0.018897 seconds
  Import took 0.021182 seconds .

========================================================================
Received Import Request.
  Time since last request: 0.000338 seconds.
  path: Assets/Material/borde.mat
  artifactKey: Guid(59db52a9dc168824c9ebb83eb1850731) Importer(815301076,1909f56bfc062723c751e8b465ee728b)
Start importing Assets/Material/borde.mat using Guid(59db52a9dc168824c9ebb83eb1850731) Importer(815301076,1909f56bfc062723c751e8b465ee728b)  -> (artifact id: '6f24dc39c7ee2bdb2b60609c033577e5') in 0.044136 seconds
  Import took 0.068520 seconds .

========================================================================
Received Import Request.
  Time since last request: 1.446491 seconds.
  path: Assets/Material/borde.mat
  artifactKey: Guid(59db52a9dc168824c9ebb83eb1850731) Importer(815301076,1909f56bfc062723c751e8b465ee728b)
Start importing Assets/Material/borde.mat using Guid(59db52a9dc168824c9ebb83eb1850731) Importer(815301076,1909f56bfc062723c751e8b465ee728b)  -> (artifact id: '6f24dc39c7ee2bdb2b60609c033577e5') in 0.067932 seconds
  Import took 0.074305 seconds .

========================================================================
Received Prepare
Registering precompiled user dll's ...
Registered in 0.001476 seconds.
Begin MonoManager ReloadAssembly
Native extension for WindowsStandalone target not found
Native extension for WebGL target not found
Refreshing native plugins compatible for Editor in 0.45 ms, found 0 plugins.
Preloading 0 native plugins for Editor in 0.00 ms.
Mono: successfully reloaded assembly
- Completed reload, in  2.114 seconds
Platform modules already initialized, skipping
Refreshing native plugins compatible for Editor in 0.69 ms, found 0 plugins.
Preloading 0 native plugins for Editor in 0.00 ms.
Unloading 1111 Unused Serialized files (Serialized files now loaded: 0)
System memory in use before: 60.6 MB.
System memory in use after: 60.7 MB.

Unloading 5 unused Assets to reduce memory usage. Loaded Objects now: 1659.
Total: 3.888500 ms (FindLiveObjects: 0.371700 ms CreateObjectMapping: 0.129800 ms MarkObjects: 3.305700 ms  DeleteObjects: 0.078100 ms)

========================================================================
Received Prepare
Registering precompiled user dll's ...
Registered in 0.001242 seconds.
Begin MonoManager ReloadAssembly
Native extension for WindowsStandalone target not found
Native extension for WebGL target not found
Refreshing native plugins compatible for Editor in 0.25 ms, found 0 plugins.
Preloading 0 native plugins for Editor in 0.00 ms.
Mono: successfully reloaded assembly
- Completed reload, in  1.107 seconds
Platform modules already initialized, skipping
Refreshing native plugins compatible for Editor in 0.25 ms, found 0 plugins.
Preloading 0 native plugins for Editor in 0.00 ms.
Unloading 1158 Unused Serialized files (Serialized files now loaded: 0)
System memory in use before: 63.5 MB.
System memory in use after: 62.9 MB.

Unloading 18 unused Assets to reduce memory usage. Loaded Objects now: 1696.
Total: 2.413200 ms (FindLiveObjects: 0.214100 ms CreateObjectMapping: 0.059100 ms MarkObjects: 1.746900 ms  DeleteObjects: 0.390700 ms)

========================================================================
Received Prepare
Registering precompiled user dll's ...
Registered in 0.000782 seconds.
Begin MonoManager ReloadAssembly
Native extension for WindowsStandalone target not found
Native extension for WebGL target not found
Refreshing native plugins compatible for Editor in 0.21 ms, found 0 plugins.
Preloading 0 native plugins for Editor in 0.00 ms.
Mono: successfully reloaded assembly
- Completed reload, in  0.754 seconds
Platform modules already initialized, skipping
Refreshing native plugins compatible for Editor in 0.28 ms, found 0 plugins.
Preloading 0 native plugins for Editor in 0.00 ms.
Unloading 1158 Unused Serialized files (Serialized files now loaded: 0)
System memory in use before: 63.5 MB.
System memory in use after: 62.9 MB.

Unloading 18 unused Assets to reduce memory usage. Loaded Objects now: 1699.
Total: 2.724900 ms (FindLiveObjects: 0.173400 ms CreateObjectMapping: 0.057300 ms MarkObjects: 2.132800 ms  DeleteObjects: 0.359600 ms)

========================================================================
Received Prepare
Registering precompiled user dll's ...
Registered in 0.001033 seconds.
Begin MonoManager ReloadAssembly
Native extension for WindowsStandalone target not found
Native extension for WebGL target not found
Refreshing native plugins compatible for Editor in 0.20 ms, found 0 plugins.
Preloading 0 native plugins for Editor in 0.00 ms.
Mono: successfully reloaded assembly
- Completed reload, in  0.820 seconds
Platform modules already initialized, skipping
Refreshing native plugins compatible for Editor in 0.35 ms, found 0 plugins.
Preloading 0 native plugins for Editor in 0.00 ms.
Unloading 1158 Unused Serialized files (Serialized files now loaded: 0)
System memory in use before: 63.5 MB.
System memory in use after: 62.9 MB.

Unloading 18 unused Assets to reduce memory usage. Loaded Objects now: 1702.
Total: 4.573000 ms (FindLiveObjects: 0.272100 ms CreateObjectMapping: 0.102400 ms MarkObjects: 3.539400 ms  DeleteObjects: 0.657200 ms)

========================================================================
Received Prepare
Registering precompiled user dll's ...
Registered in 0.000707 seconds.
Begin MonoManager ReloadAssembly
Native extension for WindowsStandalone target not found
Native extension for WebGL target not found
Refreshing native plugins compatible for Editor in 0.26 ms, found 0 plugins.
Preloading 0 native plugins for Editor in 0.00 ms.
Mono: successfully reloaded assembly
- Completed reload, in  0.773 seconds
Platform modules already initialized, skipping
Refreshing native plugins compatible for Editor in 0.31 ms, found 0 plugins.
Preloading 0 native plugins for Editor in 0.00 ms.
Unloading 1158 Unused Serialized files (Serialized files now loaded: 0)
System memory in use before: 63.5 MB.
System memory in use after: 62.9 MB.

Unloading 18 unused Assets to reduce memory usage. Loaded Objects now: 1705.
Total: 2.504000 ms (FindLiveObjects: 0.308400 ms CreateObjectMapping: 0.052800 ms MarkObjects: 1.758900 ms  DeleteObjects: 0.381800 ms)

========================================================================
Received Prepare
Registering precompiled user dll's ...
Registered in 0.002028 seconds.
Begin MonoManager ReloadAssembly
Native extension for WindowsStandalone target not found
Native extension for WebGL target not found
Refreshing native plugins compatible for Editor in 0.35 ms, found 0 plugins.
Preloading 0 native plugins for Editor in 0.00 ms.
Mono: successfully reloaded assembly
- Completed reload, in  1.673 seconds
Platform modules already initialized, skipping
Refreshing native plugins compatible for Editor in 0.33 ms, found 0 plugins.
Preloading 0 native plugins for Editor in 0.00 ms.
Unloading 1158 Unused Serialized files (Serialized files now loaded: 0)
System memory in use before: 63.5 MB.
System memory in use after: 62.9 MB.

Unloading 18 unused Assets to reduce memory usage. Loaded Objects now: 1708.
Total: 3.403500 ms (FindLiveObjects: 0.310000 ms CreateObjectMapping: 0.090400 ms MarkObjects: 2.431100 ms  DeleteObjects: 0.569600 ms)

========================================================================
Received Prepare
Registering precompiled user dll's ...
Registered in 0.002172 seconds.
Begin MonoManager ReloadAssembly
Native extension for WindowsStandalone target not found
Native extension for WebGL target not found
Refreshing native plugins compatible for Editor in 0.34 ms, found 0 plugins.
Preloading 0 native plugins for Editor in 0.00 ms.
Mono: successfully reloaded assembly
- Completed reload, in  1.903 seconds
Platform modules already initialized, skipping
Refreshing native plugins compatible for Editor in 0.47 ms, found 0 plugins.
Preloading 0 native plugins for Editor in 0.00 ms.
Unloading 1158 Unused Serialized files (Serialized files now loaded: 0)
System memory in use before: 63.5 MB.
System memory in use after: 62.9 MB.

Unloading 18 unused Assets to reduce memory usage. Loaded Objects now: 1711.
Total: 4.533300 ms (FindLiveObjects: 0.399700 ms CreateObjectMapping: 0.136700 ms MarkObjects: 3.328100 ms  DeleteObjects: 0.665600 ms)

AssetImportWorkerClient::OnTransportError - code=2 error=End of file
