Using pre-set license
Built from '2020.3/staging' branch; Version is '2020.3.5f1 (8095aa901b9b) revision 8426922'; Using compiler version '192528614'; Build Type 'Release'
OS: 'Windows 10 Pro; OS build 19042.985; Version 2009; 64bit' Language: 'es' Physical Memory: 8067 MB
BatchMode: 1, IsHumanControllingUs: 0, StartBugReporterOnCrash: 0, Is64bit: 1, IsPro: 0

 COMMAND LINE ARGUMENTS:
C:\Program Files\Unity\Hub\Editor\2020.3.5f1\Editor\Unity.exe
-adb2
-batchMode
-noUpm
-name
AssetImportWorker1
-projectPath
C:/Users/htvm_/Desktop/CURSOS Y CERTIFICADOS/Github/Project-Unity/Creating a Simple AI with Unity
-logFile
Logs/AssetImportWorker1.log
-srvPort
58629
Successfully changed project path to: C:/Users/htvm_/Desktop/CURSOS Y CERTIFICADOS/Github/Project-Unity/Creating a Simple AI with Unity
C:/Users/htvm_/Desktop/CURSOS Y CERTIFICADOS/Github/Project-Unity/Creating a Simple AI with Unity
Using Asset Import Pipeline V2.
Refreshing native plugins compatible for Editor in 54.06 ms, found 0 plugins.
Preloading 0 native plugins for Editor in 0.00 ms.
Initialize engine version: 2020.3.5f1 (8095aa901b9b)
[Subsystems] Discovering subsystems at path C:/Program Files/Unity/Hub/Editor/2020.3.5f1/Editor/Data/Resources/UnitySubsystems
[Subsystems] Discovering subsystems at path C:/Users/htvm_/Desktop/CURSOS Y CERTIFICADOS/Github/Project-Unity/Creating a Simple AI with Unity/Assets
GfxDevice: creating device client; threaded=0
Direct3D:
    Version:  Direct3D 11.0 [level 11.1]
    Renderer: NVIDIA GeForce MX150 (ID=0x1d10)
    Vendor:   
    VRAM:     1983 MB
    Driver:   27.21.14.6627
Initialize mono
Mono path[0] = 'C:/Program Files/Unity/Hub/Editor/2020.3.5f1/Editor/Data/Managed'
Mono path[1] = 'C:/Program Files/Unity/Hub/Editor/2020.3.5f1/Editor/Data/MonoBleedingEdge/lib/mono/unityjit'
Mono config path = 'C:/Program Files/Unity/Hub/Editor/2020.3.5f1/Editor/Data/MonoBleedingEdge/etc'
Using monoOptions --debugger-agent=transport=dt_socket,embedding=1,server=y,suspend=n,address=127.0.0.1:56976
Begin MonoManager ReloadAssembly
Registering precompiled unity dll's ...
Register platform support module: C:/Program Files/Unity/Hub/Editor/2020.3.5f1/Editor/Data/PlaybackEngines/WebGLSupport/UnityEditor.WebGL.Extensions.dll
Register platform support module: C:/Program Files/Unity/Hub/Editor/2020.3.5f1/Editor/Data/PlaybackEngines/WindowsStandaloneSupport/UnityEditor.WindowsStandalone.Extensions.dll
Registered in 0.005017 seconds.
Native extension for WindowsStandalone target not found
Native extension for WebGL target not found
Refreshing native plugins compatible for Editor in 71.90 ms, found 0 plugins.
Preloading 0 native plugins for Editor in 0.00 ms.
Mono: successfully reloaded assembly
- Completed reload, in  2.721 seconds
Platform modules already initialized, skipping
Registering precompiled user dll's ...
Registered in 0.001481 seconds.
Begin MonoManager ReloadAssembly
Native extension for WindowsStandalone target not found
Native extension for WebGL target not found
Refreshing native plugins compatible for Editor in 0.31 ms, found 0 plugins.
Preloading 0 native plugins for Editor in 0.00 ms.
Mono: successfully reloaded assembly
- Completed reload, in  1.707 seconds
Platform modules already initialized, skipping
========================================================================
Worker process is ready to serve import requests
Launched and connected shader compiler UnityShaderCompiler.exe after 0.15 seconds
Refreshing native plugins compatible for Editor in 0.49 ms, found 0 plugins.
Preloading 0 native plugins for Editor in 0.00 ms.
Unloading 1115 Unused Serialized files (Serialized files now loaded: 0)
System memory in use before: 57.6 MB.
System memory in use after: 57.6 MB.

Unloading 10 unused Assets to reduce memory usage. Loaded Objects now: 1557.
Total: 3.232300 ms (FindLiveObjects: 0.185400 ms CreateObjectMapping: 0.059800 ms MarkObjects: 2.853100 ms  DeleteObjects: 0.132300 ms)

========================================================================
Received Import Request.
  path: Assets/Materials
  artifactKey: Guid(081f70b4725a1ee448ba7189a10d9bfd) Importer(815301076,1909f56bfc062723c751e8b465ee728b)
Start importing Assets/Materials using Guid(081f70b4725a1ee448ba7189a10d9bfd) Importer(815301076,1909f56bfc062723c751e8b465ee728b)  -> (artifact id: '4337ace1fe71746c8e56ed5a34e6b6ed') in 0.043725 seconds
  Import took 0.110322 seconds .

========================================================================
Received Import Request.
  Time since last request: 93.184447 seconds.
  path: Assets/Materials/New Material.mat
  artifactKey: Guid(35515248deb6ccc419c973842f8c9465) Importer(815301076,1909f56bfc062723c751e8b465ee728b)
Start importing Assets/Materials/New Material.mat using Guid(35515248deb6ccc419c973842f8c9465) Importer(815301076,1909f56bfc062723c751e8b465ee728b)  -> (artifact id: 'c4d243df0a4cfaeeb1016a3a126d1857') in 0.583160 seconds
  Import took 0.611051 seconds .

========================================================================
Received Import Request.
  Time since last request: 1858.575687 seconds.
  path: Assets/Materials/Looks.mat
  artifactKey: Guid(99e5d82831ca49c4eb4fad13880e8cc4) Importer(815301076,1909f56bfc062723c751e8b465ee728b)
Start importing Assets/Materials/Looks.mat using Guid(99e5d82831ca49c4eb4fad13880e8cc4) Importer(815301076,1909f56bfc062723c751e8b465ee728b)  -> (artifact id: '25d84e046ff30171d377088d883492ad') in 0.027770 seconds
  Import took 0.029894 seconds .

========================================================================
Received Import Request.
  Time since last request: 389.136897 seconds.
  path: Assets/Materials/Looker.mat
  artifactKey: Guid(99e5d82831ca49c4eb4fad13880e8cc4) Importer(815301076,1909f56bfc062723c751e8b465ee728b)
Start importing Assets/Materials/Looker.mat using Guid(99e5d82831ca49c4eb4fad13880e8cc4) Importer(815301076,1909f56bfc062723c751e8b465ee728b)  -> (artifact id: 'ada495eedf964ad40b80e3cb89e4ee0f') in 0.029296 seconds
  Import took 0.032520 seconds .

========================================================================
Received Import Request.
  Time since last request: 0.000449 seconds.
  path: Assets/Materials/Suelo.mat
  artifactKey: Guid(35515248deb6ccc419c973842f8c9465) Importer(815301076,1909f56bfc062723c751e8b465ee728b)
Start importing Assets/Materials/Suelo.mat using Guid(35515248deb6ccc419c973842f8c9465) Importer(815301076,1909f56bfc062723c751e8b465ee728b)  -> (artifact id: 'a0ef0e63c22795c44646f1f15e95c0a4') in 0.046965 seconds
  Import took 0.065552 seconds .

========================================================================
Received Prepare
Registering precompiled user dll's ...
Registered in 0.000739 seconds.
Begin MonoManager ReloadAssembly
Native extension for WindowsStandalone target not found
Native extension for WebGL target not found
Refreshing native plugins compatible for Editor in 0.24 ms, found 0 plugins.
Preloading 0 native plugins for Editor in 0.00 ms.
Mono: successfully reloaded assembly
- Completed reload, in  0.920 seconds
Platform modules already initialized, skipping
Refreshing native plugins compatible for Editor in 0.33 ms, found 0 plugins.
Preloading 0 native plugins for Editor in 0.00 ms.
Unloading 1111 Unused Serialized files (Serialized files now loaded: 0)
System memory in use before: 60.9 MB.
System memory in use after: 60.9 MB.

Unloading 5 unused Assets to reduce memory usage. Loaded Objects now: 1601.
Total: 2.899300 ms (FindLiveObjects: 0.722900 ms CreateObjectMapping: 0.138600 ms MarkObjects: 1.955600 ms  DeleteObjects: 0.067400 ms)

========================================================================
Received Prepare
Registering precompiled user dll's ...
Registered in 0.001345 seconds.
Begin MonoManager ReloadAssembly
Native extension for WindowsStandalone target not found
Native extension for WebGL target not found
Refreshing native plugins compatible for Editor in 0.31 ms, found 0 plugins.
Preloading 0 native plugins for Editor in 0.00 ms.
Mono: successfully reloaded assembly
- Completed reload, in  1.613 seconds
Platform modules already initialized, skipping
Refreshing native plugins compatible for Editor in 0.31 ms, found 0 plugins.
Preloading 0 native plugins for Editor in 0.00 ms.
Unloading 1110 Unused Serialized files (Serialized files now loaded: 0)
System memory in use before: 60.9 MB.
System memory in use after: 60.9 MB.

Unloading 6 unused Assets to reduce memory usage. Loaded Objects now: 1603.
Total: 3.064100 ms (FindLiveObjects: 0.219400 ms CreateObjectMapping: 0.058700 ms MarkObjects: 2.671500 ms  DeleteObjects: 0.112700 ms)

========================================================================
Received Prepare
Registering precompiled user dll's ...
Registered in 0.001263 seconds.
Begin MonoManager ReloadAssembly
Native extension for WindowsStandalone target not found
Native extension for WebGL target not found
Refreshing native plugins compatible for Editor in 0.32 ms, found 0 plugins.
Preloading 0 native plugins for Editor in 0.00 ms.
Mono: successfully reloaded assembly
- Completed reload, in  1.523 seconds
Platform modules already initialized, skipping
Refreshing native plugins compatible for Editor in 0.30 ms, found 0 plugins.
Preloading 0 native plugins for Editor in 0.00 ms.
Unloading 1111 Unused Serialized files (Serialized files now loaded: 0)
System memory in use before: 60.9 MB.
System memory in use after: 61.0 MB.

Unloading 5 unused Assets to reduce memory usage. Loaded Objects now: 1607.
Total: 2.718300 ms (FindLiveObjects: 0.234800 ms CreateObjectMapping: 0.064600 ms MarkObjects: 2.334500 ms  DeleteObjects: 0.082300 ms)

========================================================================
Received Prepare
Registering precompiled user dll's ...
Registered in 0.001359 seconds.
Begin MonoManager ReloadAssembly
Native extension for WindowsStandalone target not found
Native extension for WebGL target not found
Refreshing native plugins compatible for Editor in 0.36 ms, found 0 plugins.
Preloading 0 native plugins for Editor in 0.00 ms.
Mono: successfully reloaded assembly
- Completed reload, in  1.585 seconds
Platform modules already initialized, skipping
Refreshing native plugins compatible for Editor in 0.35 ms, found 0 plugins.
Preloading 0 native plugins for Editor in 0.00 ms.
Unloading 1113 Unused Serialized files (Serialized files now loaded: 0)
System memory in use before: 60.9 MB.
System memory in use after: 61.0 MB.

Unloading 5 unused Assets to reduce memory usage. Loaded Objects now: 1612.
Total: 2.729100 ms (FindLiveObjects: 0.353200 ms CreateObjectMapping: 0.115900 ms MarkObjects: 2.174400 ms  DeleteObjects: 0.083200 ms)

========================================================================
Received Prepare
Registering precompiled user dll's ...
Registered in 0.001328 seconds.
Begin MonoManager ReloadAssembly
Native extension for WindowsStandalone target not found
Native extension for WebGL target not found
Refreshing native plugins compatible for Editor in 0.32 ms, found 0 plugins.
Preloading 0 native plugins for Editor in 0.00 ms.
Mono: successfully reloaded assembly
- Completed reload, in  1.523 seconds
Platform modules already initialized, skipping
Refreshing native plugins compatible for Editor in 0.46 ms, found 0 plugins.
Preloading 0 native plugins for Editor in 0.00 ms.
Unloading 1113 Unused Serialized files (Serialized files now loaded: 0)
System memory in use before: 61.0 MB.
System memory in use after: 61.0 MB.

Unloading 5 unused Assets to reduce memory usage. Loaded Objects now: 1615.
Total: 3.062100 ms (FindLiveObjects: 0.211100 ms CreateObjectMapping: 0.058100 ms MarkObjects: 2.708100 ms  DeleteObjects: 0.077500 ms)

========================================================================
Received Prepare
Registering precompiled user dll's ...
Registered in 0.001342 seconds.
Begin MonoManager ReloadAssembly
Native extension for WindowsStandalone target not found
Native extension for WebGL target not found
Refreshing native plugins compatible for Editor in 0.31 ms, found 0 plugins.
Preloading 0 native plugins for Editor in 0.00 ms.
Mono: successfully reloaded assembly
- Completed reload, in  1.566 seconds
Platform modules already initialized, skipping
Refreshing native plugins compatible for Editor in 0.50 ms, found 0 plugins.
Preloading 0 native plugins for Editor in 0.00 ms.
Unloading 1112 Unused Serialized files (Serialized files now loaded: 0)
System memory in use before: 60.9 MB.
System memory in use after: 61.0 MB.

Unloading 6 unused Assets to reduce memory usage. Loaded Objects now: 1617.
Total: 2.738900 ms (FindLiveObjects: 0.214400 ms CreateObjectMapping: 0.066400 ms MarkObjects: 2.359500 ms  DeleteObjects: 0.096500 ms)

========================================================================
Received Prepare
Registering precompiled user dll's ...
Registered in 0.000651 seconds.
Begin MonoManager ReloadAssembly
Native extension for WindowsStandalone target not found
Native extension for WebGL target not found
Refreshing native plugins compatible for Editor in 0.35 ms, found 0 plugins.
Preloading 0 native plugins for Editor in 0.00 ms.
Mono: successfully reloaded assembly
- Completed reload, in  0.885 seconds
Platform modules already initialized, skipping
Refreshing native plugins compatible for Editor in 0.37 ms, found 0 plugins.
Preloading 0 native plugins for Editor in 0.00 ms.
Unloading 1113 Unused Serialized files (Serialized files now loaded: 0)
System memory in use before: 61.0 MB.
System memory in use after: 61.0 MB.

Unloading 5 unused Assets to reduce memory usage. Loaded Objects now: 1621.
Total: 1.813800 ms (FindLiveObjects: 0.177700 ms CreateObjectMapping: 0.036100 ms MarkObjects: 1.498800 ms  DeleteObjects: 0.100200 ms)

========================================================================
Received Prepare
Registering precompiled user dll's ...
Registered in 0.000755 seconds.
Begin MonoManager ReloadAssembly
Native extension for WindowsStandalone target not found
Native extension for WebGL target not found
Refreshing native plugins compatible for Editor in 0.58 ms, found 0 plugins.
Preloading 0 native plugins for Editor in 0.00 ms.
Mono: successfully reloaded assembly
- Completed reload, in  1.493 seconds
Platform modules already initialized, skipping
Refreshing native plugins compatible for Editor in 0.21 ms, found 0 plugins.
Preloading 0 native plugins for Editor in 0.00 ms.
Unloading 1112 Unused Serialized files (Serialized files now loaded: 0)
System memory in use before: 60.9 MB.
System memory in use after: 61.0 MB.

Unloading 6 unused Assets to reduce memory usage. Loaded Objects now: 1623.
Total: 2.136100 ms (FindLiveObjects: 0.231800 ms CreateObjectMapping: 0.047000 ms MarkObjects: 1.776300 ms  DeleteObjects: 0.080000 ms)

========================================================================
Received Prepare
Registering precompiled user dll's ...
Registered in 0.001322 seconds.
Begin MonoManager ReloadAssembly
Native extension for WindowsStandalone target not found
Native extension for WebGL target not found
Refreshing native plugins compatible for Editor in 0.46 ms, found 0 plugins.
Preloading 0 native plugins for Editor in 0.00 ms.
Mono: successfully reloaded assembly
- Completed reload, in  1.608 seconds
Platform modules already initialized, skipping
Refreshing native plugins compatible for Editor in 0.41 ms, found 0 plugins.
Preloading 0 native plugins for Editor in 0.00 ms.
Unloading 1113 Unused Serialized files (Serialized files now loaded: 0)
System memory in use before: 61.0 MB.
System memory in use after: 61.0 MB.

Unloading 5 unused Assets to reduce memory usage. Loaded Objects now: 1627.
Total: 3.317800 ms (FindLiveObjects: 0.321700 ms CreateObjectMapping: 0.121000 ms MarkObjects: 2.786200 ms  DeleteObjects: 0.086700 ms)

========================================================================
Received Import Request.
  Time since last request: 1343.784247 seconds.
  path: Assets/Script/Player.cs
  artifactKey: Guid(29fc75a170b9cd14b87aac01591720e6) Importer(815301076,1909f56bfc062723c751e8b465ee728b)
Start importing Assets/Script/Player.cs using Guid(29fc75a170b9cd14b87aac01591720e6) Importer(815301076,1909f56bfc062723c751e8b465ee728b)  -> (artifact id: '695552bdbe965102c7d720ace7c0a39f') in 0.091853 seconds
  Import took 0.153597 seconds .

========================================================================
Received Import Request.
  Time since last request: 620.224850 seconds.
  path: Assets/Script/Guard.cs
  artifactKey: Guid(66c12f15f68341e45a05310835a7e452) Importer(815301076,1909f56bfc062723c751e8b465ee728b)
Start importing Assets/Script/Guard.cs using Guid(66c12f15f68341e45a05310835a7e452) Importer(815301076,1909f56bfc062723c751e8b465ee728b)  -> (artifact id: 'c3e72b581a675544f11fbe82520875aa') in 0.010237 seconds
  Import took 0.013041 seconds .

========================================================================
Received Import Request.
  Time since last request: 0.000353 seconds.
  path: Assets/Script/Guard.cs
  artifactKey: Guid(66c12f15f68341e45a05310835a7e452) Importer(815301076,1909f56bfc062723c751e8b465ee728b)
Start importing Assets/Script/Guard.cs using Guid(66c12f15f68341e45a05310835a7e452) Importer(815301076,1909f56bfc062723c751e8b465ee728b)  -> (artifact id: 'c3e72b581a675544f11fbe82520875aa') in 0.003315 seconds
  Import took 0.006041 seconds .

========================================================================
Received Import Request.
  Time since last request: 608.740565 seconds.
  path: Assets/Scripts/Player.cs
  artifactKey: Guid(29fc75a170b9cd14b87aac01591720e6) Importer(815301076,1909f56bfc062723c751e8b465ee728b)
Start importing Assets/Scripts/Player.cs using Guid(29fc75a170b9cd14b87aac01591720e6) Importer(815301076,1909f56bfc062723c751e8b465ee728b)  -> (artifact id: '1f6c24e77edcc0735359a7f4e4d33ce6') in 0.006038 seconds
  Import took 0.055548 seconds .

========================================================================
Received Import Request.
  Time since last request: 12.188094 seconds.
  path: Assets/Scripts/Player.cs
  artifactKey: Guid(29fc75a170b9cd14b87aac01591720e6) Importer(815301076,1909f56bfc062723c751e8b465ee728b)
Start importing Assets/Scripts/Player.cs using Guid(29fc75a170b9cd14b87aac01591720e6) Importer(815301076,1909f56bfc062723c751e8b465ee728b)  -> (artifact id: '0c0d790be79f05c006e076a2311bd970') in 0.043818 seconds
  Import took 0.102844 seconds .

========================================================================
Received Import Request.
  Time since last request: 324.242420 seconds.
  path: Assets/Scripts/Looker.cs
  artifactKey: Guid(8a1c13fa7f165e447bddcec9ab09ad17) Importer(815301076,1909f56bfc062723c751e8b465ee728b)
Start importing Assets/Scripts/Looker.cs using Guid(8a1c13fa7f165e447bddcec9ab09ad17) Importer(815301076,1909f56bfc062723c751e8b465ee728b)  -> (artifact id: '1538dad993b9af2ca6334872acd3b78c') in 0.013041 seconds
  Import took 0.045255 seconds .

========================================================================
Received Prepare
Registering precompiled user dll's ...
Registered in 0.001427 seconds.
Begin MonoManager ReloadAssembly
Native extension for WindowsStandalone target not found
Native extension for WebGL target not found
Refreshing native plugins compatible for Editor in 0.19 ms, found 0 plugins.
Preloading 0 native plugins for Editor in 0.00 ms.
Mono: successfully reloaded assembly
- Completed reload, in  0.856 seconds
Platform modules already initialized, skipping
Refreshing native plugins compatible for Editor in 0.19 ms, found 0 plugins.
Preloading 0 native plugins for Editor in 0.00 ms.
Unloading 1116 Unused Serialized files (Serialized files now loaded: 0)
System memory in use before: 61.1 MB.
System memory in use after: 61.1 MB.

Unloading 5 unused Assets to reduce memory usage. Loaded Objects now: 1633.
Total: 2.299400 ms (FindLiveObjects: 0.181300 ms CreateObjectMapping: 0.072600 ms MarkObjects: 1.969600 ms  DeleteObjects: 0.075000 ms)

========================================================================
Received Import Request.
  Time since last request: 196.492061 seconds.
  path: Assets/Scripts/Looker.cs
  artifactKey: Guid(8a1c13fa7f165e447bddcec9ab09ad17) Importer(815301076,1909f56bfc062723c751e8b465ee728b)
Start importing Assets/Scripts/Looker.cs using Guid(8a1c13fa7f165e447bddcec9ab09ad17) Importer(815301076,1909f56bfc062723c751e8b465ee728b)  -> (artifact id: '8217ebe7928a2686d5e2d084e1ffdaf2') in 0.007498 seconds
  Import took 0.091561 seconds .

========================================================================
Received Prepare
Registering precompiled user dll's ...
Registered in 0.001359 seconds.
Begin MonoManager ReloadAssembly
Native extension for WindowsStandalone target not found
Native extension for WebGL target not found
Refreshing native plugins compatible for Editor in 0.33 ms, found 0 plugins.
Preloading 0 native plugins for Editor in 0.00 ms.
Mono: successfully reloaded assembly
- Completed reload, in  1.634 seconds
Platform modules already initialized, skipping
Refreshing native plugins compatible for Editor in 0.34 ms, found 0 plugins.
Preloading 0 native plugins for Editor in 0.00 ms.
Unloading 1116 Unused Serialized files (Serialized files now loaded: 0)
System memory in use before: 61.1 MB.
System memory in use after: 61.1 MB.

Unloading 5 unused Assets to reduce memory usage. Loaded Objects now: 1636.
Total: 2.916000 ms (FindLiveObjects: 0.220800 ms CreateObjectMapping: 0.075900 ms MarkObjects: 2.533700 ms  DeleteObjects: 0.083300 ms)

========================================================================
Received Prepare
Registering precompiled user dll's ...
Registered in 0.001709 seconds.
Begin MonoManager ReloadAssembly
Native extension for WindowsStandalone target not found
Native extension for WebGL target not found
Refreshing native plugins compatible for Editor in 0.34 ms, found 0 plugins.
Preloading 0 native plugins for Editor in 0.00 ms.
Mono: successfully reloaded assembly
- Completed reload, in  2.002 seconds
Platform modules already initialized, skipping
Refreshing native plugins compatible for Editor in 0.38 ms, found 0 plugins.
Preloading 0 native plugins for Editor in 0.00 ms.
Unloading 1116 Unused Serialized files (Serialized files now loaded: 0)
System memory in use before: 61.1 MB.
System memory in use after: 61.1 MB.

Unloading 5 unused Assets to reduce memory usage. Loaded Objects now: 1639.
Total: 3.135700 ms (FindLiveObjects: 0.331800 ms CreateObjectMapping: 0.124900 ms MarkObjects: 2.577900 ms  DeleteObjects: 0.098700 ms)

========================================================================
Received Prepare
Registering precompiled user dll's ...
Registered in 0.001432 seconds.
Begin MonoManager ReloadAssembly
Native extension for WindowsStandalone target not found
Native extension for WebGL target not found
Refreshing native plugins compatible for Editor in 0.34 ms, found 0 plugins.
Preloading 0 native plugins for Editor in 0.00 ms.
Mono: successfully reloaded assembly
- Completed reload, in  2.059 seconds
Platform modules already initialized, skipping
Refreshing native plugins compatible for Editor in 0.72 ms, found 0 plugins.
Preloading 0 native plugins for Editor in 0.00 ms.
Unloading 1116 Unused Serialized files (Serialized files now loaded: 0)
System memory in use before: 61.1 MB.
System memory in use after: 61.1 MB.

Unloading 5 unused Assets to reduce memory usage. Loaded Objects now: 1642.
Total: 2.759600 ms (FindLiveObjects: 0.287400 ms CreateObjectMapping: 0.067800 ms MarkObjects: 2.321000 ms  DeleteObjects: 0.081100 ms)

AssetImportWorkerClient::OnTransportError - code=2 error=End of file
